2022-03-28 18:10:00,068 [trainer.py] => config: ../CIL_LogoDet-3K.json
2022-03-28 18:10:00,068 [trainer.py] => prefix: reproduce
2022-03-28 18:10:00,068 [trainer.py] => dataset: LogoDet-3K_cropped
2022-03-28 18:10:00,068 [trainer.py] => memory_size: 2000
2022-03-28 18:10:00,068 [trainer.py] => memory_per_class: 100
2022-03-28 18:10:00,069 [trainer.py] => fixed_memory: True
2022-03-28 18:10:00,069 [trainer.py] => shuffle: True
2022-03-28 18:10:00,069 [trainer.py] => init_cls: 30
2022-03-28 18:10:00,069 [trainer.py] => increment: 10
2022-03-28 18:10:00,069 [trainer.py] => model_name: der
2022-03-28 18:10:00,069 [trainer.py] => convnet_type: resnet32
2022-03-28 18:10:00,069 [trainer.py] => seed: 830694
2022-03-28 18:10:00,069 [trainer.py] => device: cpu
2022-03-28 18:10:04,605 [data_manager.py] => [80, 93, 68, 60, 19, 90, 15, 21, 94, 91, 83, 75, 37, 108, 89, 5, 54, 27, 104, 64, 6, 13, 114, 87, 43, 31, 100, 78, 1, 101, 105, 51, 71, 92, 4, 116, 14, 70, 24, 0, 112, 9, 67, 46, 32, 84, 18, 95, 44, 28, 115, 17, 62, 74, 41, 98, 22, 76, 12, 57, 8, 33, 111, 25, 52, 26, 120, 117, 30, 42, 47, 34, 107, 23, 50, 49, 72, 11, 79, 59, 16, 118, 29, 88, 77, 119, 82, 45, 109, 69, 103, 110, 2, 61, 86, 39, 48, 85, 40, 63, 96, 20, 56, 53, 102, 113, 99, 7, 3, 73, 55, 81, 65, 38, 10, 58, 36, 97, 66, 35, 106]
2022-03-28 18:10:04,654 [trainer.py] => All params: 0
2022-03-28 18:10:04,654 [trainer.py] => Trainable params: 0
2022-03-28 18:10:04,681 [der.py] => Learning on 0-30
2022-03-28 18:10:04,681 [der.py] => All params: 468119
2022-03-28 18:10:04,681 [der.py] => Trainable params: 468119
2022-03-28 20:09:26,914 [der.py] => Task 0, Epoch 100/100 => Loss 0.002, Train_accy 100.00
2022-03-28 20:09:26,915 [der.py] => Task 0, Accuracy train history => [1.09, 18.58, 22.4, 16.94, 21.31, 22.4, 23.5, 25.14, 24.04, 27.32, 27.32, 28.96, 28.42, 28.42, 28.42, 28.96, 28.42, 28.42, 28.42, 28.96]
2022-03-28 20:09:26,917 [base.py] => Constructing exemplars for new classes...(100 per classes)
2022-03-28 20:09:32,949 [base.py] => Warning! Not enough example for new class. 25 examples will be used
2022-03-28 20:10:19,768 [base.py] => Warning! Not enough example for new class. 19 examples will be used
2022-03-28 20:10:31,749 [base.py] => Warning! Not enough example for new class. 9 examples will be used
2022-03-28 20:10:43,653 [base.py] => Warning! Not enough example for new class. 5 examples will be used
2022-03-28 20:12:42,410 [base.py] => Warning! Not enough example for new class. 4 examples will be used
2022-03-28 20:16:44,477 [der.py] => Exemplar size: 212
2022-03-28 20:16:44,478 [trainer.py] => CNN: {'total': 27.87, '00-09': 10.42, '10-19': 8.96, '20-29': 58.82, 'old': 0, 'new': 27.87}
2022-03-28 20:16:44,478 [trainer.py] => NME: {'total': 26.23, '00-09': 8.33, '10-19': 7.46, '20-29': 57.35, 'old': 0, 'new': 26.23}
2022-03-28 20:16:44,478 [trainer.py] => CNN top1 curve: [27.87]
2022-03-28 20:16:44,478 [trainer.py] => CNN top5 curve: [43.17]
2022-03-28 20:16:44,478 [trainer.py] => NME top1 curve: [26.23]
2022-03-28 20:16:44,478 [trainer.py] => NME top5 curve: [39.89]

2022-03-28 20:16:44,479 [trainer.py] => All params: 468119
2022-03-28 20:16:44,480 [trainer.py] => Trainable params: 468119
2022-03-28 20:16:44,504 [der.py] => Learning on 30-40
2022-03-28 20:16:44,505 [der.py] => All params: 934183
2022-03-28 20:16:44,505 [der.py] => Trainable params: 470029
2022-03-28 20:51:44,701 [der.py] => Task 1, Epoch 50/50 => Loss 0.001, Loss_clf 0.001, Loss_aux 0.000, Train_accy 100.00
2022-03-28 20:51:44,702 [der.py] => Task 1, Accuracy train history => [8.7, 18.26, 21.3, 21.3, 24.35, 24.35, 23.91, 24.35, 24.35, 25.22]
2022-03-28 20:51:44,726 [base.py] => Constructing exemplars for new classes...(100 per classes)
2022-03-28 20:54:51,059 [base.py] => Warning! Not enough example for new class. 64 examples will be used
2022-03-28 20:55:03,926 [base.py] => Warning! Not enough example for new class. 46 examples will be used
2022-03-28 20:55:16,409 [base.py] => Warning! Not enough example for new class. 12 examples will be used
2022-03-28 20:56:40,585 [base.py] => Warning! Not enough example for new class. 11 examples will be used
2022-03-28 20:57:24,594 [der.py] => Exemplar size: 416
2022-03-28 20:57:24,595 [trainer.py] => CNN: {'total': 23.48, '00-09': 8.33, '10-19': 4.48, '20-29': 39.71, '30-39': 42.55, 'old': 18.58, 'new': 42.55}
2022-03-28 20:57:24,595 [trainer.py] => NME: {'total': 25.65, '00-09': 8.33, '10-19': 5.97, '20-29': 48.53, '30-39': 38.3, 'old': 22.4, 'new': 38.3}
2022-03-28 20:57:24,596 [trainer.py] => CNN top1 curve: [27.87, 23.48]
2022-03-28 20:57:24,596 [trainer.py] => CNN top5 curve: [43.17, 36.96]
2022-03-28 20:57:24,596 [trainer.py] => NME top1 curve: [26.23, 25.65]
2022-03-28 20:57:24,596 [trainer.py] => NME top5 curve: [39.89, 40.0]

2022-03-28 20:57:24,598 [trainer.py] => All params: 934183
2022-03-28 20:57:24,600 [trainer.py] => Trainable params: 470029
2022-03-28 20:57:24,639 [der.py] => Learning on 40-50
2022-03-28 20:57:24,640 [der.py] => All params: 1402827
2022-03-28 20:57:24,641 [der.py] => Trainable params: 474519
2022-03-28 21:41:07,844 [der.py] => Task 2, Epoch 50/50 => Loss 0.006, Loss_clf 0.002, Loss_aux 0.004, Train_accy 100.00
2022-03-28 21:41:07,845 [der.py] => Task 2, Accuracy train history => [13.43, 20.9, 17.91, 22.01, 22.01, 22.76, 22.39, 22.39, 22.39, 22.01]
2022-03-28 21:41:07,848 [base.py] => Constructing exemplars for new classes...(100 per classes)
2022-03-28 21:45:16,816 [base.py] => Warning! Not enough example for new class. 1 examples will be used
2022-03-28 21:48:02,128 [der.py] => Exemplar size: 426
2022-03-28 21:48:02,130 [trainer.py] => CNN: {'total': 20.15, '00-09': 4.17, '10-19': 4.48, '20-29': 33.82, '30-39': 36.17, '40-49': 23.68, 'old': 19.57, 'new': 23.68}
2022-03-28 21:48:02,130 [trainer.py] => NME: {'total': 21.27, '00-09': 8.33, '10-19': 5.97, '20-29': 41.18, '30-39': 40.43, '40-49': 5.26, 'old': 23.91, 'new': 5.26}
2022-03-28 21:48:02,130 [trainer.py] => CNN top1 curve: [27.87, 23.48, 20.15]
2022-03-28 21:48:02,130 [trainer.py] => CNN top5 curve: [43.17, 36.96, 34.33]
2022-03-28 21:48:02,130 [trainer.py] => NME top1 curve: [26.23, 25.65, 21.27]
2022-03-28 21:48:02,130 [trainer.py] => NME top5 curve: [39.89, 40.0, 36.19]

2022-03-28 21:48:02,133 [trainer.py] => All params: 1402827
2022-03-28 21:48:02,135 [trainer.py] => Trainable params: 474519
2022-03-28 21:48:02,153 [der.py] => Learning on 50-60
2022-03-28 21:48:02,155 [der.py] => All params: 1872751
2022-03-28 21:48:02,155 [der.py] => Trainable params: 480289
2022-03-28 22:52:24,375 [der.py] => Task 3, Epoch 50/50 => Loss 0.002, Loss_clf 0.001, Loss_aux 0.001, Train_accy 100.00
2022-03-28 22:52:24,377 [der.py] => Task 3, Accuracy train history => [10.71, 14.61, 15.58, 16.56, 16.88, 16.88, 16.88, 16.88, 16.88, 16.88]
2022-03-28 22:52:24,380 [base.py] => Constructing exemplars for new classes...(100 per classes)
2022-03-28 22:57:35,104 [base.py] => Warning! Not enough example for new class. 5 examples will be used
2022-03-28 23:00:49,821 [der.py] => Exemplar size: 476
2022-03-28 23:00:49,823 [trainer.py] => CNN: {'total': 16.56, '00-09': 4.17, '10-19': 4.48, '20-29': 30.88, '30-39': 38.3, '40-49': 2.63, '50-59': 15.0, 'old': 16.79, 'new': 15.0}
2022-03-28 23:00:49,823 [trainer.py] => NME: {'total': 19.16, '00-09': 8.33, '10-19': 5.97, '20-29': 39.71, '30-39': 40.43, '40-49': 5.26, '50-59': 7.5, 'old': 20.9, 'new': 7.5}
2022-03-28 23:00:49,823 [trainer.py] => CNN top1 curve: [27.87, 23.48, 20.15, 16.56]
2022-03-28 23:00:49,823 [trainer.py] => CNN top5 curve: [43.17, 36.96, 34.33, 31.82]
2022-03-28 23:00:49,824 [trainer.py] => NME top1 curve: [26.23, 25.65, 21.27, 19.16]
2022-03-28 23:00:49,824 [trainer.py] => NME top5 curve: [39.89, 40.0, 36.19, 31.49]

2022-03-28 23:00:49,829 [trainer.py] => All params: 1872751
2022-03-28 23:00:49,832 [trainer.py] => Trainable params: 480289
2022-03-28 23:00:49,868 [der.py] => Learning on 60-70
2022-03-28 23:00:49,871 [der.py] => All params: 2343955
2022-03-28 23:00:49,872 [der.py] => Trainable params: 487339
2022-03-29 00:15:54,689 [der.py] => Task 4, Epoch 50/50 => Loss 0.001, Loss_clf 0.001, Loss_aux 0.000, Train_accy 100.00
2022-03-29 00:15:54,690 [der.py] => Task 4, Accuracy train history => [8.36, 15.56, 15.27, 15.27, 15.85, 15.85, 15.85, 15.85, 16.43, 16.43]
2022-03-29 00:15:54,694 [base.py] => Constructing exemplars for new classes...(100 per classes)
2022-03-29 00:22:13,996 [base.py] => Warning! Not enough example for new class. 84 examples will be used
2022-03-29 00:22:33,020 [base.py] => Warning! Not enough example for new class. 22 examples will be used
2022-03-29 00:22:45,774 [base.py] => Warning! Not enough example for new class. 20 examples will be used
2022-03-29 00:22:58,447 [base.py] => Warning! Not enough example for new class. 18 examples will be used
2022-03-29 00:23:48,888 [base.py] => Warning! Not enough example for new class. 14 examples will be used
2022-03-29 00:24:26,408 [base.py] => Warning! Not enough example for new class. 7 examples will be used
2022-03-29 00:25:50,806 [der.py] => Exemplar size: 698
2022-03-29 00:25:50,807 [trainer.py] => CNN: {'total': 17.87, '00-09': 6.25, '10-19': 1.49, '20-29': 39.71, '30-39': 40.43, '40-49': 5.26, '50-59': 5.0, '60-69': 20.51, 'old': 17.53, 'new': 20.51}
2022-03-29 00:25:50,807 [trainer.py] => NME: {'total': 17.29, '00-09': 6.25, '10-19': 4.48, '20-29': 32.35, '30-39': 38.3, '40-49': 5.26, '50-59': 10.0, '60-69': 20.51, 'old': 16.88, 'new': 20.51}
2022-03-29 00:25:50,807 [trainer.py] => CNN top1 curve: [27.87, 23.48, 20.15, 16.56, 17.87]
2022-03-29 00:25:50,807 [trainer.py] => CNN top5 curve: [43.17, 36.96, 34.33, 31.82, 32.28]
2022-03-29 00:25:50,807 [trainer.py] => NME top1 curve: [26.23, 25.65, 21.27, 19.16, 17.29]
2022-03-29 00:25:50,807 [trainer.py] => NME top5 curve: [39.89, 40.0, 36.19, 31.49, 28.82]

2022-03-29 00:25:50,809 [trainer.py] => All params: 2343955
2022-03-29 00:25:50,810 [trainer.py] => Trainable params: 487339
2022-03-29 00:25:50,826 [der.py] => Learning on 70-80
2022-03-29 00:25:50,828 [der.py] => All params: 2816439
2022-03-29 00:25:50,829 [der.py] => Trainable params: 495669
2022-03-29 01:42:58,442 [der.py] => Task 5, Epoch 50/50 => Loss 0.002, Loss_clf 0.001, Loss_aux 0.001, Train_accy 100.00
2022-03-29 01:42:58,443 [der.py] => Task 5, Accuracy train history => [5.18, 13.47, 13.73, 13.73, 13.99, 13.99, 14.25, 13.99, 13.99, 13.99]
2022-03-29 01:42:58,445 [base.py] => Constructing exemplars for new classes...(100 per classes)
2022-03-29 01:50:23,411 [base.py] => Warning! Not enough example for new class. 45 examples will be used
2022-03-29 01:50:37,243 [base.py] => Warning! Not enough example for new class. 35 examples will be used
2022-03-29 01:50:50,594 [base.py] => Warning! Not enough example for new class. 26 examples will be used
2022-03-29 01:51:44,928 [base.py] => Warning! Not enough example for new class. 6 examples will be used
2022-03-29 01:53:37,800 [der.py] => Exemplar size: 906
2022-03-29 01:53:37,801 [trainer.py] => CNN: {'total': 12.95, '00-09': 6.25, '10-19': 0.0, '20-29': 29.41, '30-39': 31.91, '40-49': 5.26, '50-59': 0.0, '60-69': 20.51, '70-79': 5.13, 'old': 13.83, 'new': 5.13}
2022-03-29 01:53:37,801 [trainer.py] => NME: {'total': 16.06, '00-09': 6.25, '10-19': 4.48, '20-29': 33.82, '30-39': 38.3, '40-49': 5.26, '50-59': 10.0, '60-69': 20.51, '70-79': 2.56, 'old': 17.58, 'new': 2.56}
2022-03-29 01:53:37,801 [trainer.py] => CNN top1 curve: [27.87, 23.48, 20.15, 16.56, 17.87, 12.95]
2022-03-29 01:53:37,801 [trainer.py] => CNN top5 curve: [43.17, 36.96, 34.33, 31.82, 32.28, 24.35]
2022-03-29 01:53:37,801 [trainer.py] => NME top1 curve: [26.23, 25.65, 21.27, 19.16, 17.29, 16.06]
2022-03-29 01:53:37,801 [trainer.py] => NME top5 curve: [39.89, 40.0, 36.19, 31.49, 28.82, 26.17]

2022-03-29 01:53:37,802 [trainer.py] => All params: 2816439
2022-03-29 01:53:37,803 [trainer.py] => Trainable params: 495669
2022-03-29 01:53:37,822 [der.py] => Learning on 80-90
2022-03-29 01:53:37,824 [der.py] => All params: 3290203
2022-03-29 01:53:37,825 [der.py] => Trainable params: 505279
2022-03-29 03:18:29,731 [der.py] => Task 6, Epoch 50/50 => Loss 0.004, Loss_clf 0.001, Loss_aux 0.003, Train_accy 100.00
2022-03-29 03:18:29,731 [der.py] => Task 6, Accuracy train history => [7.42, 11.96, 12.68, 12.44, 12.2, 12.68, 12.68, 12.44, 12.92, 13.16]
2022-03-29 03:18:29,733 [base.py] => Constructing exemplars for new classes...(100 per classes)
2022-03-29 03:27:03,745 [base.py] => Warning! Not enough example for new class. 62 examples will be used
2022-03-29 03:27:17,602 [base.py] => Warning! Not enough example for new class. 7 examples will be used
2022-03-29 03:28:40,798 [base.py] => Warning! Not enough example for new class. 3 examples will be used
2022-03-29 03:30:19,654 [der.py] => Exemplar size: 1019
2022-03-29 03:30:19,656 [trainer.py] => CNN: {'total': 11.72, '00-09': 2.08, '10-19': 1.49, '20-29': 27.94, '30-39': 34.04, '40-49': 2.63, '50-59': 2.5, '60-69': 20.51, '70-79': 2.56, '80-89': 3.12, 'old': 12.44, 'new': 3.12}
2022-03-29 03:30:19,656 [trainer.py] => NME: {'total': 14.59, '00-09': 6.25, '10-19': 4.48, '20-29': 30.88, '30-39': 40.43, '40-49': 5.26, '50-59': 10.0, '60-69': 20.51, '70-79': 2.56, '80-89': 0.0, 'old': 15.8, 'new': 0.0}
2022-03-29 03:30:19,656 [trainer.py] => CNN top1 curve: [27.87, 23.48, 20.15, 16.56, 17.87, 12.95, 11.72]
2022-03-29 03:30:19,656 [trainer.py] => CNN top5 curve: [43.17, 36.96, 34.33, 31.82, 32.28, 24.35, 21.05]
2022-03-29 03:30:19,656 [trainer.py] => NME top1 curve: [26.23, 25.65, 21.27, 19.16, 17.29, 16.06, 14.59]
2022-03-29 03:30:19,656 [trainer.py] => NME top5 curve: [39.89, 40.0, 36.19, 31.49, 28.82, 26.17, 23.68]

2022-03-29 03:30:19,658 [trainer.py] => All params: 3290203
2022-03-29 03:30:19,659 [trainer.py] => Trainable params: 505279
2022-03-29 03:30:19,676 [der.py] => Learning on 90-100
2022-03-29 03:30:19,679 [der.py] => All params: 3765247
2022-03-29 03:30:19,680 [der.py] => Trainable params: 516169
2022-03-29 05:10:13,322 [der.py] => Task 7, Epoch 50/50 => Loss 0.026, Loss_clf 0.002, Loss_aux 0.024, Train_accy 100.00
2022-03-29 05:10:13,323 [der.py] => Task 7, Accuracy train history => [10.53, 10.73, 10.93, 11.13, 11.34, 12.15, 11.34, 12.55, 12.15, 12.35]
2022-03-29 05:10:13,325 [base.py] => Constructing exemplars for new classes...(100 per classes)
2022-03-29 05:19:52,815 [base.py] => Warning! Not enough example for new class. 2 examples will be used
2022-03-29 05:23:32,257 [der.py] => Exemplar size: 1039
2022-03-29 05:23:32,258 [trainer.py] => CNN: {'total': 12.55, '00-09': 2.08, '10-19': 0.0, '20-29': 32.35, '30-39': 36.17, '40-49': 5.26, '50-59': 7.5, '60-69': 20.51, '70-79': 2.56, '80-89': 0.0, '90-99': 10.53, 'old': 12.92, 'new': 10.53}
2022-03-29 05:23:32,258 [trainer.py] => NME: {'total': 13.36, '00-09': 2.08, '10-19': 4.48, '20-29': 29.41, '30-39': 40.43, '40-49': 5.26, '50-59': 10.0, '60-69': 20.51, '70-79': 2.56, '80-89': 0.0, '90-99': 10.53, 'old': 13.88, 'new': 10.53}
2022-03-29 05:23:32,258 [trainer.py] => CNN top1 curve: [27.87, 23.48, 20.15, 16.56, 17.87, 12.95, 11.72, 12.55]
2022-03-29 05:23:32,258 [trainer.py] => CNN top5 curve: [43.17, 36.96, 34.33, 31.82, 32.28, 24.35, 21.05, 22.67]
2022-03-29 05:23:32,259 [trainer.py] => NME top1 curve: [26.23, 25.65, 21.27, 19.16, 17.29, 16.06, 14.59, 13.36]
2022-03-29 05:23:32,259 [trainer.py] => NME top5 curve: [39.89, 40.0, 36.19, 31.49, 28.82, 26.17, 23.68, 21.05]

2022-03-29 05:23:32,260 [trainer.py] => All params: 3765247
2022-03-29 05:23:32,262 [trainer.py] => Trainable params: 516169
2022-03-29 05:23:32,280 [der.py] => Learning on 100-110
2022-03-29 05:23:32,283 [der.py] => All params: 4241571
2022-03-29 05:23:32,285 [der.py] => Trainable params: 528339
2022-03-29 07:11:58,444 [der.py] => Task 8, Epoch 50/50 => Loss 0.001, Loss_clf 0.001, Loss_aux 0.000, Train_accy 100.00
2022-03-29 07:11:58,444 [der.py] => Task 8, Accuracy train history => [9.19, 12.5, 12.32, 12.5, 12.5, 12.5, 12.5, 12.68, 12.87, 12.87]
2022-03-29 07:11:58,448 [base.py] => Constructing exemplars for new classes...(100 per classes)
2022-03-29 07:22:42,728 [base.py] => Warning! Not enough example for new class. 15 examples will be used
2022-03-29 07:25:19,061 [base.py] => Warning! Not enough example for new class. 8 examples will be used
2022-03-29 07:26:56,590 [der.py] => Exemplar size: 1182
2022-03-29 07:26:56,590 [trainer.py] => CNN: {'total': 12.5, '00-09': 2.08, '10-19': 0.0, '20-29': 30.88, '30-39': 34.04, '40-49': 5.26, '50-59': 0.0, '60-69': 20.51, '70-79': 2.56, '80-89': 0.0, '90-99': 5.26, '100-109': 30.0, 'old': 10.73, 'new': 30.0}
2022-03-29 07:26:56,591 [trainer.py] => NME: {'total': 13.97, '00-09': 2.08, '10-19': 4.48, '20-29': 30.88, '30-39': 38.3, '40-49': 5.26, '50-59': 10.0, '60-69': 20.51, '70-79': 2.56, '80-89': 0.0, '90-99': 10.53, '100-109': 20.0, 'old': 13.36, 'new': 20.0}
2022-03-29 07:26:56,591 [trainer.py] => CNN top1 curve: [27.87, 23.48, 20.15, 16.56, 17.87, 12.95, 11.72, 12.55, 12.5]
2022-03-29 07:26:56,591 [trainer.py] => CNN top5 curve: [43.17, 36.96, 34.33, 31.82, 32.28, 24.35, 21.05, 22.67, 21.14]
2022-03-29 07:26:56,591 [trainer.py] => NME top1 curve: [26.23, 25.65, 21.27, 19.16, 17.29, 16.06, 14.59, 13.36, 13.97]
2022-03-29 07:26:56,591 [trainer.py] => NME top5 curve: [39.89, 40.0, 36.19, 31.49, 28.82, 26.17, 23.68, 21.05, 21.14]
